Determining if the pthread_create exist failed with the following output:
Change Dir: /home/xiangyu/Library/CORB-SLAM/src/corbslam_server/CMakeFiles/CMakeTmp

Run Build Command:"/usr/bin/make" "cmTC_0c9d8/fast"
/usr/bin/make -f CMakeFiles/cmTC_0c9d8.dir/build.make CMakeFiles/cmTC_0c9d8.dir/build
make[1]: Entering directory '/home/xiangyu/Library/CORB-SLAM/src/corbslam_server/CMakeFiles/CMakeTmp'
Building C object CMakeFiles/cmTC_0c9d8.dir/CheckSymbolExists.c.o
/usr/bin/cc    -Wall -O3 -march=native     -o CMakeFiles/cmTC_0c9d8.dir/CheckSymbolExists.c.o   -c /home/xiangyu/Library/CORB-SLAM/src/corbslam_server/CMakeFiles/CMakeTmp/CheckSymbolExists.c
Linking C executable cmTC_0c9d8
/usr/bin/cmake -E cmake_link_script CMakeFiles/cmTC_0c9d8.dir/link.txt --verbose=1
/usr/bin/cc    -Wall -O3 -march=native      CMakeFiles/cmTC_0c9d8.dir/CheckSymbolExists.c.o  -o cmTC_0c9d8 -rdynamic 
CMakeFiles/cmTC_0c9d8.dir/CheckSymbolExists.c.o: In function `main':
CheckSymbolExists.c:(.text.startup+0x6): undefined reference to `pthread_create'
collect2: error: ld returned 1 exit status
CMakeFiles/cmTC_0c9d8.dir/build.make:97: recipe for target 'cmTC_0c9d8' failed
make[1]: *** [cmTC_0c9d8] Error 1
make[1]: Leaving directory '/home/xiangyu/Library/CORB-SLAM/src/corbslam_server/CMakeFiles/CMakeTmp'
Makefile:126: recipe for target 'cmTC_0c9d8/fast' failed
make: *** [cmTC_0c9d8/fast] Error 2

File /home/xiangyu/Library/CORB-SLAM/src/corbslam_server/CMakeFiles/CMakeTmp/CheckSymbolExists.c:
/* */
#include <pthread.h>

int main(int argc, char** argv)
{
  (void)argv;
#ifndef pthread_create
  return ((int*)(&pthread_create))[argc];
#else
  (void)argc;
  return 0;
#endif
}

Determining if the function pthread_create exists in the pthreads failed with the following output:
Change Dir: /home/xiangyu/Library/CORB-SLAM/src/corbslam_server/CMakeFiles/CMakeTmp

Run Build Command:"/usr/bin/make" "cmTC_7d198/fast"
/usr/bin/make -f CMakeFiles/cmTC_7d198.dir/build.make CMakeFiles/cmTC_7d198.dir/build
make[1]: Entering directory '/home/xiangyu/Library/CORB-SLAM/src/corbslam_server/CMakeFiles/CMakeTmp'
Building C object CMakeFiles/cmTC_7d198.dir/CheckFunctionExists.c.o
/usr/bin/cc    -Wall -O3 -march=native  -DCHECK_FUNCTION_EXISTS=pthread_create   -o CMakeFiles/cmTC_7d198.dir/CheckFunctionExists.c.o   -c /usr/share/cmake-3.5/Modules/CheckFunctionExists.c
Linking C executable cmTC_7d198
/usr/bin/cmake -E cmake_link_script CMakeFiles/cmTC_7d198.dir/link.txt --verbose=1
/usr/bin/cc    -Wall -O3 -march=native  -DCHECK_FUNCTION_EXISTS=pthread_create    CMakeFiles/cmTC_7d198.dir/CheckFunctionExists.c.o  -o cmTC_7d198 -rdynamic -lpthreads 
/usr/bin/ld: cannot find -lpthreads
collect2: error: ld returned 1 exit status
CMakeFiles/cmTC_7d198.dir/build.make:97: recipe for target 'cmTC_7d198' failed
make[1]: *** [cmTC_7d198] Error 1
make[1]: Leaving directory '/home/xiangyu/Library/CORB-SLAM/src/corbslam_server/CMakeFiles/CMakeTmp'
Makefile:126: recipe for target 'cmTC_7d198/fast' failed
make: *** [cmTC_7d198/fast] Error 2


