Determining if the pthread_create exist failed with the following output:
Change Dir: /home/xiangyu/Library/CORB-SLAM/src/corbslam_client/CMakeFiles/CMakeTmp

Run Build Command:"/usr/bin/make" "cmTC_10032/fast"
/usr/bin/make -f CMakeFiles/cmTC_10032.dir/build.make CMakeFiles/cmTC_10032.dir/build
make[1]: Entering directory '/home/xiangyu/Library/CORB-SLAM/src/corbslam_client/CMakeFiles/CMakeTmp'
Building C object CMakeFiles/cmTC_10032.dir/CheckSymbolExists.c.o
/usr/bin/cc    -Wall -O3 -march=native     -o CMakeFiles/cmTC_10032.dir/CheckSymbolExists.c.o   -c /home/xiangyu/Library/CORB-SLAM/src/corbslam_client/CMakeFiles/CMakeTmp/CheckSymbolExists.c
Linking C executable cmTC_10032
/usr/bin/cmake -E cmake_link_script CMakeFiles/cmTC_10032.dir/link.txt --verbose=1
/usr/bin/cc    -Wall -O3 -march=native      CMakeFiles/cmTC_10032.dir/CheckSymbolExists.c.o  -o cmTC_10032 -rdynamic 
CMakeFiles/cmTC_10032.dir/CheckSymbolExists.c.o: In function `main':
CheckSymbolExists.c:(.text.startup+0x6): undefined reference to `pthread_create'
collect2: error: ld returned 1 exit status
CMakeFiles/cmTC_10032.dir/build.make:97: recipe for target 'cmTC_10032' failed
make[1]: *** [cmTC_10032] Error 1
make[1]: Leaving directory '/home/xiangyu/Library/CORB-SLAM/src/corbslam_client/CMakeFiles/CMakeTmp'
Makefile:126: recipe for target 'cmTC_10032/fast' failed
make: *** [cmTC_10032/fast] Error 2

File /home/xiangyu/Library/CORB-SLAM/src/corbslam_client/CMakeFiles/CMakeTmp/CheckSymbolExists.c:
/* */
#include <pthread.h>

int main(int argc, char** argv)
{
  (void)argv;
#ifndef pthread_create
  return ((int*)(&pthread_create))[argc];
#else
  (void)argc;
  return 0;
#endif
}

Determining if the function pthread_create exists in the pthreads failed with the following output:
Change Dir: /home/xiangyu/Library/CORB-SLAM/src/corbslam_client/CMakeFiles/CMakeTmp

Run Build Command:"/usr/bin/make" "cmTC_c4e3b/fast"
/usr/bin/make -f CMakeFiles/cmTC_c4e3b.dir/build.make CMakeFiles/cmTC_c4e3b.dir/build
make[1]: Entering directory '/home/xiangyu/Library/CORB-SLAM/src/corbslam_client/CMakeFiles/CMakeTmp'
Building C object CMakeFiles/cmTC_c4e3b.dir/CheckFunctionExists.c.o
/usr/bin/cc    -Wall -O3 -march=native  -DCHECK_FUNCTION_EXISTS=pthread_create   -o CMakeFiles/cmTC_c4e3b.dir/CheckFunctionExists.c.o   -c /usr/share/cmake-3.5/Modules/CheckFunctionExists.c
Linking C executable cmTC_c4e3b
/usr/bin/cmake -E cmake_link_script CMakeFiles/cmTC_c4e3b.dir/link.txt --verbose=1
/usr/bin/cc    -Wall -O3 -march=native  -DCHECK_FUNCTION_EXISTS=pthread_create    CMakeFiles/cmTC_c4e3b.dir/CheckFunctionExists.c.o  -o cmTC_c4e3b -rdynamic -lpthreads 
/usr/bin/ld: cannot find -lpthreads
collect2: error: ld returned 1 exit status
CMakeFiles/cmTC_c4e3b.dir/build.make:97: recipe for target 'cmTC_c4e3b' failed
make[1]: *** [cmTC_c4e3b] Error 1
make[1]: Leaving directory '/home/xiangyu/Library/CORB-SLAM/src/corbslam_client/CMakeFiles/CMakeTmp'
Makefile:126: recipe for target 'cmTC_c4e3b/fast' failed
make: *** [cmTC_c4e3b/fast] Error 2


Determining if the pthread_create exist failed with the following output:
Change Dir: /home/xiangyu/Library/CORB-SLAM/src/corbslam_client/CMakeFiles/CMakeTmp

Run Build Command:"/usr/bin/make" "cmTC_68ea8/fast"
/usr/bin/make -f CMakeFiles/cmTC_68ea8.dir/build.make CMakeFiles/cmTC_68ea8.dir/build
make[1]: Entering directory '/home/xiangyu/Library/CORB-SLAM/src/corbslam_client/CMakeFiles/CMakeTmp'
Building C object CMakeFiles/cmTC_68ea8.dir/CheckSymbolExists.c.o
/usr/bin/cc    -Wall -O3 -march=native     -o CMakeFiles/cmTC_68ea8.dir/CheckSymbolExists.c.o   -c /home/xiangyu/Library/CORB-SLAM/src/corbslam_client/CMakeFiles/CMakeTmp/CheckSymbolExists.c
Linking C executable cmTC_68ea8
/usr/bin/cmake -E cmake_link_script CMakeFiles/cmTC_68ea8.dir/link.txt --verbose=1
/usr/bin/cc    -Wall -O3 -march=native      CMakeFiles/cmTC_68ea8.dir/CheckSymbolExists.c.o  -o cmTC_68ea8 -rdynamic 
CMakeFiles/cmTC_68ea8.dir/CheckSymbolExists.c.o: In function `main':
CheckSymbolExists.c:(.text.startup+0x6): undefined reference to `pthread_create'
collect2: error: ld returned 1 exit status
CMakeFiles/cmTC_68ea8.dir/build.make:97: recipe for target 'cmTC_68ea8' failed
make[1]: *** [cmTC_68ea8] Error 1
make[1]: Leaving directory '/home/xiangyu/Library/CORB-SLAM/src/corbslam_client/CMakeFiles/CMakeTmp'
Makefile:126: recipe for target 'cmTC_68ea8/fast' failed
make: *** [cmTC_68ea8/fast] Error 2

File /home/xiangyu/Library/CORB-SLAM/src/corbslam_client/CMakeFiles/CMakeTmp/CheckSymbolExists.c:
/* */
#include <pthread.h>

int main(int argc, char** argv)
{
  (void)argv;
#ifndef pthread_create
  return ((int*)(&pthread_create))[argc];
#else
  (void)argc;
  return 0;
#endif
}

Determining if the function pthread_create exists in the pthreads failed with the following output:
Change Dir: /home/xiangyu/Library/CORB-SLAM/src/corbslam_client/CMakeFiles/CMakeTmp

Run Build Command:"/usr/bin/make" "cmTC_ab94b/fast"
/usr/bin/make -f CMakeFiles/cmTC_ab94b.dir/build.make CMakeFiles/cmTC_ab94b.dir/build
make[1]: Entering directory '/home/xiangyu/Library/CORB-SLAM/src/corbslam_client/CMakeFiles/CMakeTmp'
Building C object CMakeFiles/cmTC_ab94b.dir/CheckFunctionExists.c.o
/usr/bin/cc    -Wall -O3 -march=native  -DCHECK_FUNCTION_EXISTS=pthread_create   -o CMakeFiles/cmTC_ab94b.dir/CheckFunctionExists.c.o   -c /usr/share/cmake-3.5/Modules/CheckFunctionExists.c
Linking C executable cmTC_ab94b
/usr/bin/cmake -E cmake_link_script CMakeFiles/cmTC_ab94b.dir/link.txt --verbose=1
/usr/bin/cc    -Wall -O3 -march=native  -DCHECK_FUNCTION_EXISTS=pthread_create    CMakeFiles/cmTC_ab94b.dir/CheckFunctionExists.c.o  -o cmTC_ab94b -rdynamic -lpthreads 
/usr/bin/ld: cannot find -lpthreads
collect2: error: ld returned 1 exit status
CMakeFiles/cmTC_ab94b.dir/build.make:97: recipe for target 'cmTC_ab94b' failed
make[1]: *** [cmTC_ab94b] Error 1
make[1]: Leaving directory '/home/xiangyu/Library/CORB-SLAM/src/corbslam_client/CMakeFiles/CMakeTmp'
Makefile:126: recipe for target 'cmTC_ab94b/fast' failed
make: *** [cmTC_ab94b/fast] Error 2


